mode: atomic
github.com/captain-corp/fiber-sqlite3-storage/config.go:62.45,64.21 1 1
github.com/captain-corp/fiber-sqlite3-storage/config.go:64.21,66.3 1 0
github.com/captain-corp/fiber-sqlite3-storage/config.go:69.2,72.24 2 1
github.com/captain-corp/fiber-sqlite3-storage/config.go:72.24,74.3 1 1
github.com/captain-corp/fiber-sqlite3-storage/config.go:75.2,75.21 1 1
github.com/captain-corp/fiber-sqlite3-storage/config.go:75.21,77.3 1 1
github.com/captain-corp/fiber-sqlite3-storage/config.go:78.2,78.40 1 1
github.com/captain-corp/fiber-sqlite3-storage/config.go:78.40,80.3 1 1
github.com/captain-corp/fiber-sqlite3-storage/config.go:81.2,81.27 1 1
github.com/captain-corp/fiber-sqlite3-storage/config.go:81.27,83.3 1 1
github.com/captain-corp/fiber-sqlite3-storage/config.go:84.2,84.27 1 1
github.com/captain-corp/fiber-sqlite3-storage/config.go:84.27,86.3 1 1
github.com/captain-corp/fiber-sqlite3-storage/config.go:87.2,87.30 1 1
github.com/captain-corp/fiber-sqlite3-storage/config.go:87.30,89.3 1 1
github.com/captain-corp/fiber-sqlite3-storage/config.go:90.2,90.12 1 1
github.com/captain-corp/fiber-sqlite3-storage/sqlite3.go:37.37,43.16 3 1
github.com/captain-corp/fiber-sqlite3-storage/sqlite3.go:43.16,44.13 1 0
github.com/captain-corp/fiber-sqlite3-storage/sqlite3.go:48.2,53.34 4 1
github.com/captain-corp/fiber-sqlite3-storage/sqlite3.go:53.34,54.13 1 0
github.com/captain-corp/fiber-sqlite3-storage/sqlite3.go:58.2,58.15 1 1
github.com/captain-corp/fiber-sqlite3-storage/sqlite3.go:58.15,59.70 1 1
github.com/captain-corp/fiber-sqlite3-storage/sqlite3.go:59.70,61.14 2 0
github.com/captain-corp/fiber-sqlite3-storage/sqlite3.go:66.2,66.34 1 1
github.com/captain-corp/fiber-sqlite3-storage/sqlite3.go:66.34,67.67 1 2
github.com/captain-corp/fiber-sqlite3-storage/sqlite3.go:67.67,69.14 2 0
github.com/captain-corp/fiber-sqlite3-storage/sqlite3.go:74.2,88.14 3 1
github.com/captain-corp/fiber-sqlite3-storage/sqlite3.go:92.51,93.19 1 8
github.com/captain-corp/fiber-sqlite3-storage/sqlite3.go:93.19,95.3 1 0
github.com/captain-corp/fiber-sqlite3-storage/sqlite3.go:96.2,102.46 3 8
github.com/captain-corp/fiber-sqlite3-storage/sqlite3.go:102.46,103.27 1 4
github.com/captain-corp/fiber-sqlite3-storage/sqlite3.go:103.27,105.4 1 4
github.com/captain-corp/fiber-sqlite3-storage/sqlite3.go:106.3,106.18 1 0
github.com/captain-corp/fiber-sqlite3-storage/sqlite3.go:109.2,109.42 1 4
github.com/captain-corp/fiber-sqlite3-storage/sqlite3.go:109.42,111.3 1 1
github.com/captain-corp/fiber-sqlite3-storage/sqlite3.go:113.2,113.18 1 3
github.com/captain-corp/fiber-sqlite3-storage/sqlite3.go:117.72,119.36 1 11
github.com/captain-corp/fiber-sqlite3-storage/sqlite3.go:119.36,121.3 1 0
github.com/captain-corp/fiber-sqlite3-storage/sqlite3.go:122.2,123.14 2 11
github.com/captain-corp/fiber-sqlite3-storage/sqlite3.go:123.14,125.3 1 2
github.com/captain-corp/fiber-sqlite3-storage/sqlite3.go:126.2,127.12 2 11
github.com/captain-corp/fiber-sqlite3-storage/sqlite3.go:131.44,133.19 1 1
github.com/captain-corp/fiber-sqlite3-storage/sqlite3.go:133.19,135.3 1 0
github.com/captain-corp/fiber-sqlite3-storage/sqlite3.go:136.2,137.12 2 1
github.com/captain-corp/fiber-sqlite3-storage/sqlite3.go:141.33,144.2 2 1
github.com/captain-corp/fiber-sqlite3-storage/sqlite3.go:147.33,150.2 2 1
github.com/captain-corp/fiber-sqlite3-storage/sqlite3.go:153.30,156.6 3 1
github.com/captain-corp/fiber-sqlite3-storage/sqlite3.go:156.6,157.10 1 1
github.com/captain-corp/fiber-sqlite3-storage/sqlite3.go:158.17,159.10 1 1
github.com/captain-corp/fiber-sqlite3-storage/sqlite3.go:160.24,161.11 1 0
github.com/captain-corp/fiber-sqlite3-storage/sqlite3.go:167.35,169.2 1 2
github.com/captain-corp/fiber-sqlite3-storage/sqlite3.go:172.34,174.2 1 1
